[2019-11-25T19:00:47.008Z] starting `/usr/local/lib/heroku/bin/heroku update --autoupdate` from /usr/local/lib/heroku/bin/run git:remote
waiting until 2019-11-25T20:00:47.003Z to update
waiting until 2019-11-25T20:00:47.003Z to update
waiting until 2019-11-25T20:00:47.003Z to update
waiting until 2019-11-25T20:00:47.003Z to update
waiting until 2019-11-25T20:00:47.003Z to update
waiting until 2019-11-25T20:00:47.003Z to update
waiting until 2019-11-25T20:00:47.003Z to update
waiting until 2019-11-25T20:00:47.003Z to update
waiting until 2019-11-25T20:00:47.003Z to update
waiting until 2019-11-25T20:00:47.003Z to update
waiting until 2019-11-25T20:00:47.003Z to update
waiting until 2019-11-25T20:10:54.301Z to update
waiting until 2019-11-25T20:12:42.837Z to update
waiting until 2019-11-25T20:12:42.837Z to update
waiting until 2019-11-25T20:12:42.837Z to update
waiting until 2019-11-25T20:14:57.637Z to update
waiting until 2019-11-25T20:14:57.637Z to update
waiting until 2019-11-25T20:14:57.637Z to update
waiting until 2019-11-25T20:14:57.637Z to update
waiting until 2019-11-25T20:19:26.430Z to update
waiting until 2019-11-25T20:20:15.747Z to update
waiting until 2019-11-25T20:21:30.646Z to update
waiting until 2019-11-25T20:21:30.646Z to update
waiting until 2019-11-25T20:21:30.646Z to update
waiting until 2019-11-25T20:21:30.646Z to update
waiting until 2019-11-25T20:21:30.646Z to update
waiting until 2019-11-25T20:21:30.646Z to update
waiting until 2019-11-25T20:21:30.646Z to update
waiting until 2019-11-25T20:21:30.646Z to update
waiting until 2019-11-25T20:21:30.646Z to update
waiting until 2019-11-25T20:21:30.646Z to update
waiting until 2019-11-25T20:21:30.646Z to update
waiting until 2019-11-25T20:21:30.646Z to update
waiting until 2019-11-25T20:21:30.646Z to update
waiting until 2019-11-25T20:21:30.646Z to update
waiting until 2019-11-25T20:21:30.646Z to update
waiting until 2019-11-25T20:21:30.646Z to update
waiting until 2019-11-25T20:21:30.646Z to update
waiting until 2019-11-25T20:21:30.646Z to update
waiting until 2019-11-25T20:21:30.646Z to update
waiting until 2019-11-25T20:21:30.646Z to update
waiting until 2019-11-25T20:21:30.646Z to update
waiting until 2019-11-25T20:21:30.646Z to update
waiting until 2019-11-25T20:21:30.646Z to update
waiting until 2019-11-25T20:21:30.646Z to update
waiting until 2019-11-25T20:21:30.646Z to update
waiting until 2019-11-25T20:21:30.646Z to update
waiting until 2019-11-25T20:21:30.646Z to update
waiting until 2019-11-25T20:21:30.646Z to update
waiting until 2019-11-25T20:21:30.646Z to update
waiting until 2019-11-25T20:21:30.646Z to update
waiting until 2019-11-25T20:21:30.646Z to update
waiting until 2019-11-25T20:21:30.646Z to update
waiting until 2019-11-25T20:21:30.646Z to update
waiting until 2019-11-25T20:21:30.646Z to update
waiting until 2019-11-25T20:21:30.646Z to update
waiting until 2019-11-25T20:21:30.646Z to update
waiting until 2019-11-25T20:21:30.646Z to update
waiting until 2019-11-25T20:21:30.646Z to update
waiting until 2019-11-25T20:21:30.646Z to update
waiting until 2019-11-25T20:21:30.646Z to update
waiting until 2019-11-25T20:21:30.646Z to update
waiting until 2019-11-25T20:21:30.646Z to update
waiting until 2019-11-25T20:21:30.646Z to update
waiting until 2019-11-25T20:21:30.646Z to update
waiting until 2019-11-25T20:21:30.646Z to update
waiting until 2019-11-25T20:21:30.646Z to update
waiting until 2019-11-25T20:21:30.646Z to update
waiting until 2019-11-25T20:21:30.646Z to update
waiting until 2019-11-25T20:21:30.646Z to update
waiting until 2019-11-25T20:21:30.646Z to update
waiting until 2019-11-25T20:21:30.646Z to update
waiting until 2019-11-25T20:21:30.646Z to update
waiting until 2019-11-25T20:21:30.646Z to update
waiting until 2019-11-25T20:21:30.646Z to update
waiting until 2019-11-25T20:21:30.646Z to update
waiting until 2019-11-25T20:21:30.646Z to update
waiting until 2019-11-25T20:21:30.646Z to update
waiting until 2019-11-25T20:21:30.646Z to update
waiting until 2019-11-25T20:21:30.646Z to update
waiting until 2019-11-25T20:21:30.646Z to update
time to update
heroku: Updating CLI... already on latest version: 7.35.0
Updating completions...
Updating completions... done
