0 info it worked if it ends with ok
1 verbose cli [
1 verbose cli   '/usr/local/Cellar/node/13.2.0/bin/node',
1 verbose cli   '/usr/local/bin/npm',
1 verbose cli   'run',
1 verbose cli   'build'
1 verbose cli ]
2 info using npm@6.13.1
3 info using node@v13.2.0
4 verbose config Skipping project config: /Users/git/.npmrc. (matches userconfig)
5 verbose stack Error: ENOENT: no such file or directory, open '/Users/git/package.json'
6 verbose cwd /Users/git
7 verbose Darwin 18.6.0
8 verbose argv "/usr/local/Cellar/node/13.2.0/bin/node" "/usr/local/bin/npm" "run" "build"
9 verbose node v13.2.0
10 verbose npm  v6.13.1
11 error code ENOENT
12 error syscall open
13 error path /Users/git/package.json
14 error errno -2
15 error enoent ENOENT: no such file or directory, open '/Users/git/package.json'
16 error enoent This is related to npm not being able to find a file.
17 verbose exit [ -2, true ]
