0 info it worked if it ends with ok
1 verbose cli [
1 verbose cli   '/usr/local/Cellar/node/13.2.0/bin/node',
1 verbose cli   '/usr/local/bin/npm',
1 verbose cli   'start'
1 verbose cli ]
2 info using npm@6.13.1
3 info using node@v13.2.0
4 verbose stack Error: missing script: start
4 verbose stack     at run (/usr/local/lib/node_modules/npm/lib/run-script.js:155:19)
4 verbose stack     at /usr/local/lib/node_modules/npm/lib/run-script.js:63:5
4 verbose stack     at /usr/local/lib/node_modules/npm/node_modules/read-package-json/read-json.js:116:5
4 verbose stack     at /usr/local/lib/node_modules/npm/node_modules/read-package-json/read-json.js:435:5
4 verbose stack     at checkBinReferences_ (/usr/local/lib/node_modules/npm/node_modules/read-package-json/read-json.js:391:45)
4 verbose stack     at final (/usr/local/lib/node_modules/npm/node_modules/read-package-json/read-json.js:433:3)
4 verbose stack     at then (/usr/local/lib/node_modules/npm/node_modules/read-package-json/read-json.js:161:5)
4 verbose stack     at ReadFileContext.<anonymous> (/usr/local/lib/node_modules/npm/node_modules/read-package-json/read-json.js:350:20)
4 verbose stack     at ReadFileContext.callback (/usr/local/lib/node_modules/npm/node_modules/graceful-fs/graceful-fs.js:115:16)
4 verbose stack     at FSReqCallback.readFileAfterOpen [as oncomplete] (fs.js:239:13)
5 verbose cwd /Users/git/mysite
6 verbose Darwin 18.6.0
7 verbose argv "/usr/local/Cellar/node/13.2.0/bin/node" "/usr/local/bin/npm" "start"
8 verbose node v13.2.0
9 verbose npm  v6.13.1
10 error missing script: start
11 verbose exit [ 1, true ]
