0 info it worked if it ends with ok
1 verbose cli [
1 verbose cli   '/usr/local/Cellar/node/13.2.0/bin/node',
1 verbose cli   '/usr/local/bin/npm',
1 verbose cli   'install',
1 verbose cli   '--save-dev',
1 verbose cli   'mysite'
1 verbose cli ]
2 info using npm@6.13.1
3 info using node@v13.2.0
4 verbose npm-session db719a339c15f753
5 silly install loadCurrentTree
6 silly install readLocalPackageData
7 http fetch GET 200 https://registry.npmjs.org/mysite 1415ms
8 silly pacote tag manifest for mysite@latest fetched in 1429ms
9 timing stage:loadCurrentTree Completed in 1449ms
10 silly install loadIdealTree
11 silly install cloneCurrentTreeToIdealTree
12 timing stage:loadIdealTree:cloneCurrentTree Completed in 1ms
13 silly install loadShrinkwrap
14 timing stage:loadIdealTree:loadShrinkwrap Completed in 0ms
15 silly install loadAllDepsIntoIdealTree
16 timing stage:rollbackFailedOptional Completed in 0ms
17 timing stage:runTopLevelLifecycles Completed in 1451ms
18 silly saveTree mysite@1.0.0
19 verbose stack Error: Refusing to install package with name "mysite" under a package
19 verbose stack also called "mysite". Did you name your project the same
19 verbose stack as the dependency you're installing?
19 verbose stack
19 verbose stack For more information, see:
19 verbose stack     <https://docs.npmjs.com/cli/install#limitations-of-npms-install-algorithm>
19 verbose stack     at checkSelf (/usr/local/lib/node_modules/npm/lib/install/validate-args.js:75:14)
19 verbose stack     at Array.<anonymous> (/usr/local/lib/node_modules/npm/node_modules/slide/lib/bind-actor.js:15:8)
19 verbose stack     at LOOP (/usr/local/lib/node_modules/npm/node_modules/slide/lib/chain.js:15:14)
19 verbose stack     at /usr/local/lib/node_modules/npm/node_modules/slide/lib/chain.js:18:7
19 verbose stack     at hasMinimumFields (/usr/local/lib/node_modules/npm/lib/install/validate-args.js:30:12)
19 verbose stack     at Array.<anonymous> (/usr/local/lib/node_modules/npm/node_modules/slide/lib/bind-actor.js:15:8)
19 verbose stack     at LOOP (/usr/local/lib/node_modules/npm/node_modules/slide/lib/chain.js:15:14)
19 verbose stack     at chain (/usr/local/lib/node_modules/npm/node_modules/slide/lib/chain.js:20:5)
19 verbose stack     at /usr/local/lib/node_modules/npm/lib/install/validate-args.js:16:5
19 verbose stack     at /usr/local/lib/node_modules/npm/node_modules/slide/lib/async-map.js:52:35
19 verbose stack     at Array.forEach (<anonymous>)
19 verbose stack     at /usr/local/lib/node_modules/npm/node_modules/slide/lib/async-map.js:52:11
19 verbose stack     at Array.forEach (<anonymous>)
19 verbose stack     at asyncMap (/usr/local/lib/node_modules/npm/node_modules/slide/lib/async-map.js:51:8)
19 verbose stack     at module.exports (/usr/local/lib/node_modules/npm/lib/install/validate-args.js:15:3)
19 verbose stack     at Array.<anonymous> (/usr/local/lib/node_modules/npm/node_modules/slide/lib/bind-actor.js:15:8)
20 verbose cwd /Users/git/mysite
21 verbose Darwin 18.6.0
22 verbose argv "/usr/local/Cellar/node/13.2.0/bin/node" "/usr/local/bin/npm" "install" "--save-dev" "mysite"
23 verbose node v13.2.0
24 verbose npm  v6.13.1
25 error code ENOSELF
26 error Refusing to install package with name "mysite" under a package
26 error also called "mysite". Did you name your project the same
26 error as the dependency you're installing?
26 error
26 error For more information, see:
26 error     <https://docs.npmjs.com/cli/install#limitations-of-npms-install-algorithm>
27 verbose exit [ 1, true ]
